# JRE version: OpenJDK Runtime Environment Temurin-21.0.10+7 (21.0.10+7) (build 21.0.10+7-LTS)
# Java VM: OpenJDK 64-Bit Server VM Temurin-21.0.10+7 (21.0.10+7-LTS, mixed mode, sharing, tiered, compressed oops, compressed class ptrs, parallel gc, windows-amd64)
GC Precious Log:
 CardTable entry size: 512
 CPUs: 12 total, 12 available
 Memory: 7501M
 Large Page Support: Disabled
 NUMA Support: Disabled
 Compressed Oops: Enabled (32-bit)
 Alignments: Space 512K, Generation 512K, Heap 2M
 Heap Min Capacity: 100M
 Heap Initial Capacity: 100M
 Heap Max Capacity: 2G
 Pre-touch: Disabled
 Parallel Workers: 10
Heap:
 PSYoungGen      total 5632K, used 3864K [0x00000000d5580000, 0x00000000d6000000, 0x0000000100000000)
  eden space 4608K, 73% used [0x00000000d5580000,0x00000000d58ce1b0,0x00000000d5a00000)
  from space 1024K, 46% used [0x00000000d5e00000,0x00000000d5e78000,0x00000000d5f00000)
  to   space 512K, 0% used [0x00000000d5f80000,0x00000000d5f80000,0x00000000d6000000)
 ParOldGen       total 557056K, used 556669K [0x0000000080000000, 0x00000000a2000000, 0x00000000d5580000)
  object space 557056K, 99% used [0x0000000080000000,0x00000000a1f9f6b8,0x00000000a2000000)
 Metaspace       used 79256K, committed 80896K, reserved 1179648K
  class space    used 8152K, committed 8896K, reserved 1048576K
GC Heap History (20 events):
Event: 15727.669 GC heap before
{Heap before GC invocations=516 (full 4):
 PSYoungGen      total 5120K, used 5120K [0x00000000d5580000, 0x00000000d6280000, 0x0000000100000000)
  eden space 3072K, 100% used [0x00000000d5580000,0x00000000d5880000,0x00000000d5880000)
  from space 2048K, 100% used [0x00000000d5880000,0x00000000d5a80000,0x00000000d5a80000)
  to   space 4608K, 0% used [0x00000000d5e00000,0x00000000d5e00000,0x00000000d6280000)
 ParOldGen       total 475648K, used 475453K [0x0000000080000000, 0x000000009d080000, 0x00000000d5580000)
  object space 475648K, 99% used [0x0000000080000000,0x000000009d04f658,0x000000009d080000)
 Metaspace       used 79150K, committed 80768K, reserved 1179648K
  class space    used 8152K, committed 8896K, reserved 1048576K
}
Event: 15727.676 GC heap after
{Heap after GC invocations=516 (full 4):
 PSYoungGen      total 7168K, used 2624K [0x00000000d5580000, 0x00000000d6100000, 0x0000000100000000)
  eden space 4096K, 0% used [0x00000000d5580000,0x00000000d5580000,0x00000000d5980000)
  from space 3072K, 85% used [0x00000000d5e00000,0x00000000d6090000,0x00000000d6100000)
  to   space 3584K, 0% used [0x00000000d5a00000,0x00000000d5a00000,0x00000000d5d80000)
 ParOldGen       total 477696K, used 477541K [0x0000000080000000, 0x000000009d280000, 0x00000000d5580000)
  object space 477696K, 99% used [0x0000000080000000,0x000000009d259658,0x000000009d280000)
 Metaspace       used 79150K, committed 80768K, reserved 1179648K
  class space    used 8152K, committed 8896K, reserved 1048576K
}
Event: 15727.761 GC heap before
{Heap before GC invocations=517 (full 4):
 PSYoungGen      total 7168K, used 6553K [0x00000000d5580000, 0x00000000d6100000, 0x0000000100000000)
  eden space 4096K, 95% used [0x00000000d5580000,0x00000000d5956618,0x00000000d5980000)
  from space 3072K, 85% used [0x00000000d5e00000,0x00000000d6090000,0x00000000d6100000)
  to   space 3584K, 0% used [0x00000000d5a00000,0x00000000d5a00000,0x00000000d5d80000)
 ParOldGen       total 541184K, used 538981K [0x0000000080000000, 0x00000000a1080000, 0x00000000d5580000)
  object space 541184K, 99% used [0x0000000080000000,0x00000000a0e596b8,0x00000000a1080000)
 Metaspace       used 79151K, committed 80768K, reserved 1179648K
  class space    used 8152K, committed 8896K, reserved 1048576K
}
Event: 15727.766 GC heap after
{Heap after GC invocations=517 (full 4):
 PSYoungGen      total 8192K, used 2510K [0x00000000d5580000, 0x00000000d6080000, 0x0000000100000000)
  eden space 4608K, 0% used [0x00000000d5580000,0x00000000d5580000,0x00000000d5a00000)
  from space 3584K, 70% used [0x00000000d5a00000,0x00000000d5c73800,0x00000000d5d80000)
  to   space 3072K, 0% used [0x00000000d5d80000,0x00000000d5d80000,0x00000000d6080000)
 ParOldGen       total 541696K, used 541405K [0x0000000080000000, 0x00000000a1100000, 0x00000000d5580000)
  object space 541696K, 99% used [0x0000000080000000,0x00000000a10b76b8,0x00000000a1100000)
 Metaspace       used 79151K, committed 80768K, reserved 1179648K
  class space    used 8152K, committed 8896K, reserved 1048576K
}
Event: 15727.908 GC heap before
{Heap before GC invocations=518 (full 4):
 PSYoungGen      total 8192K, used 7118K [0x00000000d5580000, 0x00000000d6080000, 0x0000000100000000)
  eden space 4608K, 100% used [0x00000000d5580000,0x00000000d5a00000,0x00000000d5a00000)
  from space 3584K, 70% used [0x00000000d5a00000,0x00000000d5c73800,0x00000000d5d80000)
  to   space 3072K, 0% used [0x00000000d5d80000,0x00000000d5d80000,0x00000000d6080000)
 ParOldGen       total 541696K, used 541405K [0x0000000080000000, 0x00000000a1100000, 0x00000000d5580000)
  object space 541696K, 99% used [0x0000000080000000,0x00000000a10b76b8,0x00000000a1100000)
 Metaspace       used 79153K, committed 80768K, reserved 1179648K
  class space    used 8152K, committed 8896K, reserved 1048576K
}
Event: 15727.914 GC heap after
{Heap after GC invocations=518 (full 4):
 PSYoungGen      total 7680K, used 2958K [0x00000000d5580000, 0x00000000d6080000, 0x0000000100000000)
  eden space 4608K, 0% used [0x00000000d5580000,0x00000000d5580000,0x00000000d5a00000)
  from space 3072K, 96% used [0x00000000d5d80000,0x00000000d6063b20,0x00000000d6080000)
  to   space 3072K, 0% used [0x00000000d5a80000,0x00000000d5a80000,0x00000000d5d80000)
 ParOldGen       total 543232K, used 543101K [0x0000000080000000, 0x00000000a1280000, 0x00000000d5580000)
  object space 543232K, 99% used [0x0000000080000000,0x00000000a125f6b8,0x00000000a1280000)
 Metaspace       used 79153K, committed 80768K, reserved 1179648K
  class space    used 8152K, committed 8896K, reserved 1048576K
}
Event: 15727.939 GC heap before
{Heap before GC invocations=519 (full 4):
 PSYoungGen      total 7680K, used 7566K [0x00000000d5580000, 0x00000000d6080000, 0x0000000100000000)
  eden space 4608K, 100% used [0x00000000d5580000,0x00000000d5a00000,0x00000000d5a00000)
  from space 3072K, 96% used [0x00000000d5d80000,0x00000000d6063b20,0x00000000d6080000)
  to   space 3072K, 0% used [0x00000000d5a80000,0x00000000d5a80000,0x00000000d5d80000)
 ParOldGen       total 543232K, used 543101K [0x0000000080000000, 0x00000000a1280000, 0x00000000d5580000)
  object space 543232K, 99% used [0x0000000080000000,0x00000000a125f6b8,0x00000000a1280000)
 Metaspace       used 79153K, committed 80768K, reserved 1179648K
  class space    used 8152K, committed 8896K, reserved 1048576K
}
Event: 15727.946 GC heap after
{Heap after GC invocations=519 (full 4):
 PSYoungGen      total 7680K, used 3072K [0x00000000d5580000, 0x00000000d6b00000, 0x0000000100000000)
  eden space 4608K, 0% used [0x00000000d5580000,0x00000000d5580000,0x00000000d5a00000)
  from space 3072K, 100% used [0x00000000d5a80000,0x00000000d5d80000,0x00000000d5d80000)
  to   space 8704K, 0% used [0x00000000d6280000,0x00000000d6280000,0x00000000d6b00000)
 ParOldGen       total 547840K, used 547460K [0x0000000080000000, 0x00000000a1700000, 0x00000000d5580000)
  object space 547840K, 99% used [0x0000000080000000,0x00000000a16a11d8,0x00000000a1700000)
 Metaspace       used 79153K, committed 80768K, reserved 1179648K
  class space    used 8152K, committed 8896K, reserved 1048576K
}
Event: 15727.969 GC heap before
{Heap before GC invocations=520 (full 4):
 PSYoungGen      total 7680K, used 7372K [0x00000000d5580000, 0x00000000d6b00000, 0x0000000100000000)
  eden space 4608K, 93% used [0x00000000d5580000,0x00000000d59b3320,0x00000000d5a00000)
  from space 3072K, 100% used [0x00000000d5a80000,0x00000000d5d80000,0x00000000d5d80000)
  to   space 8704K, 0% used [0x00000000d6280000,0x00000000d6280000,0x00000000d6b00000)
 ParOldGen       total 547840K, used 547460K [0x0000000080000000, 0x00000000a1700000, 0x00000000d5580000)
  object space 547840K, 99% used [0x0000000080000000,0x00000000a16a11d8,0x00000000a1700000)
 Metaspace       used 79153K, committed 80768K, reserved 1179648K
  class space    used 8152K, committed 8896K, reserved 1048576K
}
Event: 15727.976 GC heap after
{Heap after GC invocations=520 (full 4):
 PSYoungGen      total 8704K, used 3904K [0x00000000d5580000, 0x00000000d6680000, 0x0000000100000000)
  eden space 4608K, 0% used [0x00000000d5580000,0x00000000d5580000,0x00000000d5a00000)
  from space 4096K, 95% used [0x00000000d6280000,0x00000000d6650000,0x00000000d6680000)
  to   space 5632K, 0% used [0x00000000d5b80000,0x00000000d5b80000,0x00000000d6100000)
 ParOldGen       total 550912K, used 550580K [0x0000000080000000, 0x00000000a1a00000, 0x00000000d5580000)
  object space 550912K, 99% used [0x0000000080000000,0x00000000a19ad1d8,0x00000000a1a00000)
 Metaspace       used 79153K, committed 80768K, reserved 1179648K
  class space    used 8152K, committed 8896K, reserved 1048576K
}
Event: 15728.022 GC heap before
{Heap before GC invocations=521 (full 4):
 PSYoungGen      total 8704K, used 8512K [0x00000000d5580000, 0x00000000d6680000, 0x0000000100000000)
  eden space 4608K, 100% used [0x00000000d5580000,0x00000000d5a00000,0x00000000d5a00000)
  from space 4096K, 95% used [0x00000000d6280000,0x00000000d6650000,0x00000000d6680000)
  to   space 5632K, 0% used [0x00000000d5b80000,0x00000000d5b80000,0x00000000d6100000)
 ParOldGen       total 550912K, used 550580K [0x0000000080000000, 0x00000000a1a00000, 0x00000000d5580000)
  object space 550912K, 99% used [0x0000000080000000,0x00000000a19ad1d8,0x00000000a1a00000)
 Metaspace       used 79159K, committed 80832K, reserved 1179648K
  class space    used 8152K, committed 8896K, reserved 1048576K
}
Event: 15728.028 GC heap after
{Heap after GC invocations=521 (full 4):
 PSYoungGen      total 6144K, used 1460K [0x00000000d5580000, 0x00000000d6300000, 0x0000000100000000)
  eden space 4608K, 0% used [0x00000000d5580000,0x00000000d5580000,0x00000000d5a00000)
  from space 1536K, 95% used [0x00000000d5b80000,0x00000000d5ced200,0x00000000d5d00000)
  to   space 3072K, 0% used [0x00000000d6000000,0x00000000d6000000,0x00000000d6300000)
 ParOldGen       total 553984K, used 553964K [0x0000000080000000, 0x00000000a1d00000, 0x00000000d5580000)
  object space 553984K, 99% used [0x0000000080000000,0x00000000a1cfb1d8,0x00000000a1d00000)
 Metaspace       used 79159K, committed 80832K, reserved 1179648K
  class space    used 8152K, committed 8896K, reserved 1048576K
}
Event: 15728.047 GC heap before
{Heap before GC invocations=522 (full 4):
 PSYoungGen      total 6144K, used 6068K [0x00000000d5580000, 0x00000000d6300000, 0x0000000100000000)
  eden space 4608K, 100% used [0x00000000d5580000,0x00000000d5a00000,0x00000000d5a00000)
  from space 1536K, 95% used [0x00000000d5b80000,0x00000000d5ced200,0x00000000d5d00000)
  to   space 3072K, 0% used [0x00000000d6000000,0x00000000d6000000,0x00000000d6300000)
 ParOldGen       total 553984K, used 553964K [0x0000000080000000, 0x00000000a1d00000, 0x00000000d5580000)
  object space 553984K, 99% used [0x0000000080000000,0x00000000a1cfb1d8,0x00000000a1d00000)
 Metaspace       used 79182K, committed 80832K, reserved 1179648K
  class space    used 8152K, committed 8896K, reserved 1048576K
}
Event: 15728.050 GC heap after
{Heap after GC invocations=522 (full 4):
 PSYoungGen      total 5120K, used 512K [0x00000000d5580000, 0x00000000d6080000, 0x0000000100000000)
  eden space 4608K, 0% used [0x00000000d5580000,0x00000000d5580000,0x00000000d5a00000)
  from space 512K, 100% used [0x00000000d6000000,0x00000000d6080000,0x00000000d6080000)
  to   space 1536K, 0% used [0x00000000d5d80000,0x00000000d5d80000,0x00000000d5f00000)
 ParOldGen       total 555520K, used 555280K [0x0000000080000000, 0x00000000a1e80000, 0x00000000d5580000)
  object space 555520K, 99% used [0x0000000080000000,0x00000000a1e443e8,0x00000000a1e80000)
 Metaspace       used 79182K, committed 80832K, reserved 1179648K
  class space    used 8152K, committed 8896K, reserved 1048576K
}
Event: 15728.070 GC heap before
{Heap before GC invocations=523 (full 4):
 PSYoungGen      total 5120K, used 5120K [0x00000000d5580000, 0x00000000d6080000, 0x0000000100000000)
  eden space 4608K, 100% used [0x00000000d5580000,0x00000000d5a00000,0x00000000d5a00000)
  from space 512K, 100% used [0x00000000d6000000,0x00000000d6080000,0x00000000d6080000)
  to   space 1536K, 0% used [0x00000000d5d80000,0x00000000d5d80000,0x00000000d5f00000)
 ParOldGen       total 555520K, used 555280K [0x0000000080000000, 0x00000000a1e80000, 0x00000000d5580000)
  object space 555520K, 99% used [0x0000000080000000,0x00000000a1e443e8,0x00000000a1e80000)
 Metaspace       used 79187K, committed 80832K, reserved 1179648K
  class space    used 8152K, committed 8896K, reserved 1048576K
}
Event: 15728.072 GC heap after
{Heap after GC invocations=523 (full 4):
 PSYoungGen      total 6144K, used 772K [0x00000000d5580000, 0x00000000d6080000, 0x0000000100000000)
  eden space 4608K, 0% used [0x00000000d5580000,0x00000000d5580000,0x00000000d5a00000)
  from space 1536K, 50% used [0x00000000d5d80000,0x00000000d5e41210,0x00000000d5f00000)
  to   space 1024K, 0% used [0x00000000d5f80000,0x00000000d5f80000,0x00000000d6080000)
 ParOldGen       total 556032K, used 555617K [0x0000000080000000, 0x00000000a1f00000, 0x00000000d5580000)
  object space 556032K, 99% used [0x0000000080000000,0x00000000a1e98448,0x00000000a1f00000)
 Metaspace       used 79187K, committed 80832K, reserved 1179648K
  class space    used 8152K, committed 8896K, reserved 1048576K
}
Event: 15728.090 GC heap before
{Heap before GC invocations=524 (full 4):
 PSYoungGen      total 6144K, used 5380K [0x00000000d5580000, 0x00000000d6080000, 0x0000000100000000)
  eden space 4608K, 100% used [0x00000000d5580000,0x00000000d5a00000,0x00000000d5a00000)
  from space 1536K, 50% used [0x00000000d5d80000,0x00000000d5e41210,0x00000000d5f00000)
  to   space 1024K, 0% used [0x00000000d5f80000,0x00000000d5f80000,0x00000000d6080000)
 ParOldGen       total 556032K, used 555617K [0x0000000080000000, 0x00000000a1f00000, 0x00000000d5580000)
  object space 556032K, 99% used [0x0000000080000000,0x00000000a1e98448,0x00000000a1f00000)
 Metaspace       used 79199K, committed 80832K, reserved 1179648K
  class space    used 8152K, committed 8896K, reserved 1048576K
}
Event: 15728.092 GC heap after
{Heap after GC invocations=524 (full 4):
 PSYoungGen      total 5120K, used 512K [0x00000000d5580000, 0x00000000d6000000, 0x0000000100000000)
  eden space 4608K, 0% used [0x00000000d5580000,0x00000000d5580000,0x00000000d5a00000)
  from space 512K, 100% used [0x00000000d5f80000,0x00000000d6000000,0x00000000d6000000)
  to   space 1024K, 0% used [0x00000000d5e00000,0x00000000d5e00000,0x00000000d5f00000)
 ParOldGen       total 556544K, used 556293K [0x0000000080000000, 0x00000000a1f80000, 0x00000000d5580000)
  object space 556544K, 99% used [0x0000000080000000,0x00000000a1f41658,0x00000000a1f80000)
 Metaspace       used 79199K, committed 80832K, reserved 1179648K
  class space    used 8152K, committed 8896K, reserved 1048576K
}
Event: 15986.209 GC heap before
{Heap before GC invocations=525 (full 4):
 PSYoungGen      total 5120K, used 5119K [0x00000000d5580000, 0x00000000d6000000, 0x0000000100000000)
  eden space 4608K, 99% used [0x00000000d5580000,0x00000000d59fffe0,0x00000000d5a00000)
  from space 512K, 100% used [0x00000000d5f80000,0x00000000d6000000,0x00000000d6000000)
  to   space 1024K, 0% used [0x00000000d5e00000,0x00000000d5e00000,0x00000000d5f00000)
 ParOldGen       total 556544K, used 556293K [0x0000000080000000, 0x00000000a1f80000, 0x00000000d5580000)
  object space 556544K, 99% used [0x0000000080000000,0x00000000a1f41658,0x00000000a1f80000)
 Metaspace       used 79204K, committed 80832K, reserved 1179648K
  class space    used 8152K, committed 8896K, reserved 1048576K
}
Event: 15986.371 GC heap after
{Heap after GC invocations=525 (full 4):
 PSYoungGen      total 5632K, used 480K [0x00000000d5580000, 0x00000000d6000000, 0x0000000100000000)
  eden space 4608K, 0% used [0x00000000d5580000,0x00000000d5580000,0x00000000d5a00000)
  from space 1024K, 46% used [0x00000000d5e00000,0x00000000d5e78000,0x00000000d5f00000)
  to   space 512K, 0% used [0x00000000d5f80000,0x00000000d5f80000,0x00000000d6000000)
 ParOldGen       total 557056K, used 556669K [0x0000000080000000, 0x00000000a2000000, 0x00000000d5580000)
  object space 557056K, 99% used [0x0000000080000000,0x00000000a1f9f6b8,0x00000000a2000000)
 Metaspace       used 79204K, committed 80832K, reserved 1179648K
  class space    used 8152K, committed 8896K, reserved 1048576K
}

